<?xml version="1.0" encoding="UTF-8"?>
<!-- Generated by org.testng.reporters.JUnitReportReporter -->
<testsuite hostname="DESKTOP-I1SV93B" failures="0" tests="1" name="fetchingData.FetchingPriceTitle" time="20.165" errors="0" timestamp="2022-03-21T08:04:35 IST" skipped="0">
  <testcase classname="fetchingData.FetchingPriceTitle" name="appleSearch" time="20.165"/>
  <system-out/>
</testsuite> <!-- fetchingData.FetchingPriceTitle -->
